[2024-05-31 01:47:19] [INFO] - Logging is configured.
[2024-05-31 01:47:21] [INFO] - init_app | Successfully connected to the MongoDB database.
[2024-05-31 01:47:21] [INFO] - [31m[1mWARNING: This is a development server. Do not use it in a production deployment. Use a production WSGI server instead.[0m
 * Running on http://127.0.0.1:5000
[2024-05-31 01:47:21] [INFO] - [33mPress CTRL+C to quit[0m
[2024-05-31 01:47:24] [DEBUG] - Starting new HTTPS connection (1): yuno.zeev.it:443
[2024-05-31 01:47:24] [DEBUG] - https://yuno.zeev.it:443 "POST /api/2/tokens HTTP/1.1" 200 387
[2024-05-31 01:47:24] [DEBUG] - Starting new HTTPS connection (1): yuno.zeev.it:443
[2024-05-31 01:47:24] [DEBUG] - https://yuno.zeev.it:443 "POST /api/2/instances/report HTTP/1.1" 200 3936
[2024-05-31 01:47:24] [INFO] - processAllContracts | starting to process contracts founds in date: 2024-05-24
[2024-05-31 01:47:24] [DEBUG] - Starting new HTTPS connection (1): app.clicksign.com:443
[2024-05-31 01:47:25] [DEBUG] - https://app.clicksign.com:443 "POST /api/v3/envelopes/ HTTP/1.1" 201 None
[2024-05-31 01:47:25] [DEBUG] - Encoding detection: ascii is most likely the one.
[2024-05-31 01:47:25] [INFO] - _processContractSteps | sending contract to phoneNum:62995244228
[2024-05-31 01:47:25] [DEBUG] - Starting new HTTPS connection (1): app.clicksign.com:443
[2024-05-31 01:47:26] [DEBUG] - https://app.clicksign.com:443 "POST /api/v3/envelopes/a9feb5a2-37c4-4e1c-a2ec-f481b4209a6e/signers HTTP/1.1" 400 None
[2024-05-31 01:47:26] [DEBUG] - Starting new HTTPS connection (1): app.clicksign.com:443
[2024-05-31 01:47:26] [DEBUG] - https://app.clicksign.com:443 "POST /api/v3/envelopes/a9feb5a2-37c4-4e1c-a2ec-f481b4209a6e/requirements HTTP/1.1" 400 None
[2024-05-31 01:47:26] [DEBUG] - Starting new HTTPS connection (1): app.clicksign.com:443
[2024-05-31 01:47:27] [DEBUG] - https://app.clicksign.com:443 "POST /api/v3/envelopes/a9feb5a2-37c4-4e1c-a2ec-f481b4209a6e/requirements HTTP/1.1" 400 None
[2024-05-31 01:47:27] [DEBUG] - Starting new HTTPS connection (1): app.clicksign.com:443
[2024-05-31 01:47:27] [DEBUG] - https://app.clicksign.com:443 "PATCH /api/v3/envelopes/a9feb5a2-37c4-4e1c-a2ec-f481b4209a6e HTTP/1.1" 422 None
[2024-05-31 01:47:27] [DEBUG] - Starting new HTTPS connection (1): app.clicksign.com:443
[2024-05-31 01:47:28] [DEBUG] - https://app.clicksign.com:443 "POST /api/v3/envelopes/a9feb5a2-37c4-4e1c-a2ec-f481b4209a6e/notifications HTTP/1.1" 422 None
[2024-05-31 01:47:28] [DEBUG] - {"message": "Server selection started", "selector": "<function writable_server_selector at 0x1040420c0>", "operation": "insert", "topologyDescription": "<TopologyDescription id: 6659565926c989ffc04815ba, topology_type: LoadBalanced, servers: [<ServerDescription ('ac-bamfair-lb.xjqo7hd.mongodb.net', 27017) server_type: LoadBalancer, rtt: None>]>", "clientId": {"$oid": "6659565926c989ffc04815ba"}}
[2024-05-31 01:47:28] [DEBUG] - {"message": "Server selection succeeded", "selector": "<function writable_server_selector at 0x1040420c0>", "operation": "insert", "topologyDescription": "<TopologyDescription id: 6659565926c989ffc04815ba, topology_type: LoadBalanced, servers: [<ServerDescription ('ac-bamfair-lb.xjqo7hd.mongodb.net', 27017) server_type: LoadBalancer, rtt: None>]>", "clientId": {"$oid": "6659565926c989ffc04815ba"}, "serverHost": "ac-bamfair-lb.xjqo7hd.mongodb.net", "serverPort": 27017}
[2024-05-31 01:47:28] [DEBUG] - {"clientId": {"$oid": "6659565926c989ffc04815ba"}, "message": "Command started", "command": "{\"insert\": \"processedRequests\", \"ordered\": true, \"apiVersion\": \"1\", \"lsid\": {\"id\": {\"$binary\": {\"base64\": \"3WQQS5dpS9OO46EVn6TgXA==\", \"subType\": \"04\"}}}, \"txnNumber\": 1, \"writeConcern\": {\"w\": \"majority\"}, \"$db\": \"integrationsCore\", \"documents\": [{\"type\": \"Grow\", \"validNewClient\": true, \"requestId\": 1284, \"status\": {\"name\": \"send\", \"descritpion\": \"delivered\"}, \"createdAt\": {\"$date\": \"2024-05-31T04:47:28.098Z\"}, \"_id\": {\"$oid\": \"6659566026c989ffc04815bb\"}}]}", "commandName": "insert", "databaseName": "integrationsCore", "requestId": 984943658, "operationId": 984943658, "driverConnectionId": 1, "serverConnectionId": 386850, "serverHost": "ac-bamfair-lb.xjqo7hd.mongodb.net", "serverPort": 27017, "serviceId": "664bbfef6eaca68ad9353d3c"}
[2024-05-31 01:47:29] [DEBUG] - {"clientId": {"$oid": "6659565926c989ffc04815ba"}, "message": "Command succeeded", "durationMS": 200.663, "reply": "{\"n\": 1, \"ok\": 1.0, \"$clusterTime\": {\"clusterTime\": {\"$timestamp\": {\"t\": 1717130848, \"i\": 98}}, \"signature\": {\"hash\": {\"$binary\": {\"base64\": \"DWCM21I3zRqS05mFbdrMpW75uVc=\", \"subType\": \"00\"}}, \"keyId\": 7327681099985846274}}, \"operationTime\": {\"$timestamp\": {\"t\": 1717130848, \"i\": 98}}}", "commandName": "insert", "databaseName": "integrationsCore", "requestId": 984943658, "operationId": 984943658, "driverConnectionId": 1, "serverConnectionId": 386850, "serverHost": "ac-bamfair-lb.xjqo7hd.mongodb.net", "serverPort": 27017, "serviceId": "664bbfef6eaca68ad9353d3c"}
[2024-05-31 01:47:29] [DEBUG] - Starting new HTTPS connection (1): app.clicksign.com:443
[2024-05-31 01:47:29] [DEBUG] - https://app.clicksign.com:443 "POST /api/v3/envelopes/ HTTP/1.1" 201 None
[2024-05-31 01:47:29] [DEBUG] - Encoding detection: ascii is most likely the one.
[2024-05-31 01:47:29] [INFO] - _processContractSteps | sending contract to phoneNum:62995244228
[2024-05-31 01:47:29] [DEBUG] - Starting new HTTPS connection (1): app.clicksign.com:443
[2024-05-31 01:47:30] [DEBUG] - https://app.clicksign.com:443 "POST /api/v3/envelopes/553a2e21-edf0-4dbb-a2d3-2cbf0531e9ff/signers HTTP/1.1" 400 None
[2024-05-31 01:47:30] [DEBUG] - Starting new HTTPS connection (1): app.clicksign.com:443
[2024-05-31 01:47:30] [DEBUG] - https://app.clicksign.com:443 "POST /api/v3/envelopes/553a2e21-edf0-4dbb-a2d3-2cbf0531e9ff/requirements HTTP/1.1" 400 None
[2024-05-31 01:47:30] [DEBUG] - Starting new HTTPS connection (1): app.clicksign.com:443
[2024-05-31 01:47:31] [DEBUG] - https://app.clicksign.com:443 "POST /api/v3/envelopes/553a2e21-edf0-4dbb-a2d3-2cbf0531e9ff/requirements HTTP/1.1" 400 None
[2024-05-31 01:47:31] [DEBUG] - Starting new HTTPS connection (1): app.clicksign.com:443
[2024-05-31 01:47:31] [DEBUG] - https://app.clicksign.com:443 "PATCH /api/v3/envelopes/553a2e21-edf0-4dbb-a2d3-2cbf0531e9ff HTTP/1.1" 422 None
[2024-05-31 01:47:31] [DEBUG] - Starting new HTTPS connection (1): app.clicksign.com:443
[2024-05-31 01:47:32] [DEBUG] - https://app.clicksign.com:443 "POST /api/v3/envelopes/553a2e21-edf0-4dbb-a2d3-2cbf0531e9ff/notifications HTTP/1.1" 422 None
[2024-05-31 01:47:32] [DEBUG] - {"message": "Server selection started", "selector": "<function writable_server_selector at 0x1040420c0>", "operation": "insert", "topologyDescription": "<TopologyDescription id: 6659565926c989ffc04815ba, topology_type: LoadBalanced, servers: [<ServerDescription ('ac-bamfair-lb.xjqo7hd.mongodb.net', 27017) server_type: LoadBalancer, rtt: None>]>", "clientId": {"$oid": "6659565926c989ffc04815ba"}}
[2024-05-31 01:47:32] [DEBUG] - {"message": "Server selection succeeded", "selector": "<function writable_server_selector at 0x1040420c0>", "operation": "insert", "topologyDescription": "<TopologyDescription id: 6659565926c989ffc04815ba, topology_type: LoadBalanced, servers: [<ServerDescription ('ac-bamfair-lb.xjqo7hd.mongodb.net', 27017) server_type: LoadBalancer, rtt: None>]>", "clientId": {"$oid": "6659565926c989ffc04815ba"}, "serverHost": "ac-bamfair-lb.xjqo7hd.mongodb.net", "serverPort": 27017}
[2024-05-31 01:47:32] [DEBUG] - {"clientId": {"$oid": "6659565926c989ffc04815ba"}, "message": "Command started", "command": "{\"insert\": \"processedRequests\", \"ordered\": true, \"apiVersion\": \"1\", \"lsid\": {\"id\": {\"$binary\": {\"base64\": \"3WQQS5dpS9OO46EVn6TgXA==\", \"subType\": \"04\"}}}, \"txnNumber\": 2, \"$clusterTime\": {\"clusterTime\": {\"$timestamp\": {\"t\": 1717130848, \"i\": 98}}, \"signature\": {\"hash\": {\"$binary\": {\"base64\": \"DWCM21I3zRqS05mFbdrMpW75uVc=\", \"subType\": \"00\"}}, \"keyId\": 7327681099985846274}}, \"writeConcern\": {\"w\": \"majority\"}, \"$db\": \"integrationsCore\", \"documents\": [{\"type\": \"Grow\", \"validNewClient\": true, \"requestId\": 1283, \"status\": {\"name\": \"send\", \"descritpion\": \"delivered\"}, \"createdAt\": {\"$date\": \"2024-05-31T04:47:32.168Z\"}, \"_id\": {\"$oid\": \"6659566426c989ffc04815bc\"}}]}", "commandName": "insert", "databaseName": "integrationsCore", "requestId": 1144108930, "operationId": 1144108930, "driverConnectionId": 1, "serverConnectionId": 386850, "serverHost": "ac-bamfair-lb.xjqo7hd.mongodb.net", "serverPort": 27017, "serviceId": "664bbfef6eaca68ad9353d3c"}
[2024-05-31 01:47:32] [DEBUG] - {"clientId": {"$oid": "6659565926c989ffc04815ba"}, "message": "Command succeeded", "durationMS": 152.411, "reply": "{\"n\": 1, \"ok\": 1.0, \"$clusterTime\": {\"clusterTime\": {\"$timestamp\": {\"t\": 1717130852, \"i\": 29}}, \"signature\": {\"hash\": {\"$binary\": {\"base64\": \"n4X7VwGGDPBMKloRPtnZ7xkgc/8=\", \"subType\": \"00\"}}, \"keyId\": 7327681099985846274}}, \"operationTime\": {\"$timestamp\": {\"t\": 1717130852, \"i\": 27}}}", "commandName": "insert", "databaseName": "integrationsCore", "requestId": 1144108930, "operationId": 1144108930, "driverConnectionId": 1, "serverConnectionId": 386850, "serverHost": "ac-bamfair-lb.xjqo7hd.mongodb.net", "serverPort": 27017, "serviceId": "664bbfef6eaca68ad9353d3c"}
[2024-05-31 01:47:32] [INFO] - 127.0.0.1 - - [31/May/2024 01:47:32] "POST /api/v1/contracts/process HTTP/1.1" 200 -
